Content-Type: text/plain; charset="utf-8"
MIME-Version: 1.0
Content-Transfer-Encoding: 8bit
Subject: 
 =?utf-8?b?0JXQttC10LTQvdC10LLQvdC+0LUg0L3QsNC/0L7QvNC40L3QsNC90LjQtSDQviA=?=
 =?utf-8?b?0L/QvtGB0LXRidCw0LXQvNC+0YHRgtC4?=
From: admin@example.com
To: messi@gmail.com
Date: Wed, 20 Nov 2024 12:26:49 -0000
Message-ID: 
 <173210560972.6839.13562441333988656678@1.0.0.0.0.0.0.0.0.0.0.0.0.0.0.0.0.0.0.0.0.0.0.0.0.0.0.0.0.0.0.0.ip6.arpa>

Привет, Leo! Не забудь отметить свое посещение на платформе.
-------------------------------------------------------------------------------
Content-Type: text/plain; charset="utf-8"
MIME-Version: 1.0
Content-Transfer-Encoding: 8bit
Subject: 
 =?utf-8?b?0JXQttC10LTQvdC10LLQvdC+0LUg0L3QsNC/0L7QvNC40L3QsNC90LjQtSDQviA=?=
 =?utf-8?b?0L/QvtGB0LXRidCw0LXQvNC+0YHRgtC4?=
From: admin@example.com
To: messi@gmail.com
Date: Wed, 20 Nov 2024 12:26:49 -0000
Message-ID: 
 <173210560972.6832.5618864835417878625@1.0.0.0.0.0.0.0.0.0.0.0.0.0.0.0.0.0.0.0.0.0.0.0.0.0.0.0.0.0.0.0.ip6.arpa>

Привет, Leo! Не забудь отметить свое посещение на платформе.
-------------------------------------------------------------------------------
Content-Type: text/plain; charset="utf-8"
MIME-Version: 1.0
Content-Transfer-Encoding: 8bit
Subject: 
 =?utf-8?b?0JXQttC10LTQvdC10LLQvdC+0LUg0L3QsNC/0L7QvNC40L3QsNC90LjQtSDQviA=?=
 =?utf-8?b?0L/QvtGB0LXRidCw0LXQvNC+0YHRgtC4?=
From: admin@example.com
To: messi@gmail.com
Date: Wed, 20 Nov 2024 12:26:49 -0000
Message-ID: 
 <173210560972.6831.4759151374388496163@1.0.0.0.0.0.0.0.0.0.0.0.0.0.0.0.0.0.0.0.0.0.0.0.0.0.0.0.0.0.0.0.ip6.arpa>

Привет, Leo! Не забудь отметить свое посещение на платформе.
-------------------------------------------------------------------------------
