Content-Type: text/plain; charset="utf-8"
MIME-Version: 1.0
Content-Transfer-Encoding: 8bit
Subject: 
 =?utf-8?b?0JXQttC10LTQvdC10LLQvdC+0LUg0L3QsNC/0L7QvNC40L3QsNC90LjQtSDQviA=?=
 =?utf-8?b?0L/QvtGB0LXRidCw0LXQvNC+0YHRgtC4?=
From: admin@example.com
To: yermakhan@gmail.com
Date: Wed, 20 Nov 2024 12:26:49 -0000
Message-ID: 
 <173210560950.6832.3155236824978360043@1.0.0.0.0.0.0.0.0.0.0.0.0.0.0.0.0.0.0.0.0.0.0.0.0.0.0.0.0.0.0.0.ip6.arpa>

Привет, Zhomart! Не забудь отметить свое посещение на платформе.
-------------------------------------------------------------------------------
Content-Type: text/plain; charset="utf-8"
MIME-Version: 1.0
Content-Transfer-Encoding: 8bit
Subject: 
 =?utf-8?b?0JXQttC10LTQvdC10LLQvdC+0LUg0L3QsNC/0L7QvNC40L3QsNC90LjQtSDQviA=?=
 =?utf-8?b?0L/QvtGB0LXRidCw0LXQvNC+0YHRgtC4?=
From: admin@example.com
To: yermakhan@gmail.com
Date: Wed, 20 Nov 2024 12:26:49 -0000
Message-ID: 
 <173210560950.6838.10842590223618613944@1.0.0.0.0.0.0.0.0.0.0.0.0.0.0.0.0.0.0.0.0.0.0.0.0.0.0.0.0.0.0.0.ip6.arpa>

Привет, Zhomart! Не забудь отметить свое посещение на платформе.
-------------------------------------------------------------------------------
Content-Type: text/plain; charset="utf-8"
MIME-Version: 1.0
Content-Transfer-Encoding: 8bit
Subject: 
 =?utf-8?b?0JXQttC10LTQvdC10LLQvdC+0LUg0L3QsNC/0L7QvNC40L3QsNC90LjQtSDQviA=?=
 =?utf-8?b?0L/QvtGB0LXRidCw0LXQvNC+0YHRgtC4?=
From: admin@example.com
To: yermakhan@gmail.com
Date: Wed, 20 Nov 2024 12:26:49 -0000
Message-ID: 
 <173210560950.6831.5870542785931606947@1.0.0.0.0.0.0.0.0.0.0.0.0.0.0.0.0.0.0.0.0.0.0.0.0.0.0.0.0.0.0.0.ip6.arpa>

Привет, Zhomart! Не забудь отметить свое посещение на платформе.
-------------------------------------------------------------------------------
Content-Type: text/plain; charset="utf-8"
MIME-Version: 1.0
Content-Transfer-Encoding: 8bit
Subject: 
 =?utf-8?b?0JXQttC10LTQvdC10LLQvdC+0LUg0L3QsNC/0L7QvNC40L3QsNC90LjQtSDQviA=?=
 =?utf-8?b?0L/QvtGB0LXRidCw0LXQvNC+0YHRgtC4?=
From: admin@example.com
To: yermakhan@gmail.com
Date: Wed, 20 Nov 2024 12:26:49 -0000
Message-ID: 
 <173210560950.6839.1623722481869953302@1.0.0.0.0.0.0.0.0.0.0.0.0.0.0.0.0.0.0.0.0.0.0.0.0.0.0.0.0.0.0.0.ip6.arpa>

Привет, Zhomart! Не забудь отметить свое посещение на платформе.
-------------------------------------------------------------------------------
